<?xml version="1.0" encoding="UTF-8" ?>
<testsuite tests="1" failures="0" name="com.pascloud.core.AppTest" time="0.006" errors="0" skipped="0">
  <properties>
    <property name="java.runtime.name" value="Java(TM) SE Runtime Environment"/>
    <property name="sun.boot.library.path" value="D:\java64\jdk8\jdk1.8.0_121\jre\bin"/>
    <property name="java.vm.version" value="25.121-b13"/>
    <property name="java.vm.vendor" value="Oracle Corporation"/>
    <property name="maven.multiModuleProjectDirectory" value="D:/eclipse64/workspace/pascloud-devops"/>
    <property name="java.vendor.url" value="http://java.oracle.com/"/>
    <property name="path.separator" value=";"/>
    <property name="guice.disable.misplaced.annotation.check" value="true"/>
    <property name="java.vm.name" value="Java HotSpot(TM) 64-Bit Server VM"/>
    <property name="file.encoding.pkg" value="sun.io"/>
    <property name="user.script" value=""/>
    <property name="user.country" value="CN"/>
    <property name="sun.java.launcher" value="SUN_STANDARD"/>
    <property name="sun.os.patch.level" value=""/>
    <property name="java.vm.specification.name" value="Java Virtual Machine Specification"/>
    <property name="user.dir" value="D:\eclipse64\workspace\pascloud-devops"/>
    <property name="java.runtime.version" value="1.8.0_121-b13"/>
    <property name="java.awt.graphicsenv" value="sun.awt.Win32GraphicsEnvironment"/>
    <property name="java.endorsed.dirs" value="D:\java64\jdk8\jdk1.8.0_121\jre\lib\endorsed"/>
    <property name="os.arch" value="amd64"/>
    <property name="java.io.tmpdir" value="C:\Users\admin\AppData\Local\Temp\"/>
    <property name="line.separator" value="
"/>
    <property name="java.vm.specification.vendor" value="Oracle Corporation"/>
    <property name="user.variant" value=""/>
    <property name="os.name" value="Windows 10"/>
    <property name="os.detected.classifier" value="windows-x86_64"/>
    <property name="classworlds.conf" value="D:/apache-maven-3.3.9/bin/m2.conf"/>
    <property name="sun.jnu.encoding" value="GBK"/>
    <property name="java.library.path" value="D:\java64\jdk8\jdk1.8.0_121\bin;C:\WINDOWS\Sun\Java\bin;C:\WINDOWS\system32;C:\WINDOWS;C:\Users\admin\bin;D:\Program Files\Git\mingw64\bin;D:\Program Files\Git\usr\local\bin;D:\Program Files\Git\usr\bin;D:\Program Files\Git\usr\bin;D:\Program Files\Git\mingw64\bin;D:\Program Files\Git\usr\bin;C:\Users\admin\bin;D:\java64\jdk8\jdk1.8.0_121\bin;D:\Program Files\VanDyke Software\SecureCRT;D:\oracle\product\11.2.0\dbhome_1\bin;C:\Program Files (x86)\Intel\iCLS Client;C:\Program Files\Intel\iCLS Client;C:\WINDOWS\system32;C:\WINDOWS;C:\WINDOWS\System32\Wbem;C:\WINDOWS\System32\WindowsPowerShell\v1.0;C:\Program Files\Intel\Intel(R) Management Engine Components\DAL;C:\Program Files (x86)\Intel\Intel(R) Management Engine Components\DAL;C:\Program Files\Intel\Intel(R) Management Engine Components\IPT;C:\Program Files (x86)\Intel\Intel(R) Management Engine Components\IPT;C:\Program Files (x86)\ATI Technologies\ATI.ACE\Core-Static;C:\Program Files (x86)\Common Files\lenovo\easyplussdk\bin;C:\ProgramData\Lenovo\ReadyApps;C:\Program Files (x86)\AMD\ATI.ACE\Core-Static;D:\Program Files\TortoiseSVN\bin;C:\Program Files (x86)\Calibre2;D:\Program Files\IBM\SQLLIB\BIN;D:\Program Files\IBM\SQLLIB\FUNCTION;D:\Program Files\IBM\SQLLIB\SAMPLES\REPL;D:\apache-maven-3.3.9\bin;E:\mysql\bin;D:\Program Files\Git\cmd;C:\WINDOWS\System32\OpenSSH;D:\Ruby22-x64\bin;C:\Users\admin\AppData\Local\Microsoft\WindowsApps;D:\Program Files\Git\usr\bin\vendor_perl;D:\Program Files\Git\usr\bin\core_perl;."/>
    <property name="os.detected.arch" value="x86_64"/>
    <property name="java.specification.name" value="Java Platform API Specification"/>
    <property name="java.class.version" value="52.0"/>
    <property name="sun.management.compiler" value="HotSpot 64-Bit Tiered Compilers"/>
    <property name="os.detected.name" value="windows"/>
    <property name="os.version" value="10.0"/>
    <property name="user.home" value="C:\Users\admin"/>
    <property name="user.timezone" value="Asia/Shanghai"/>
    <property name="java.awt.printerjob" value="sun.awt.windows.WPrinterJob"/>
    <property name="java.specification.version" value="1.8"/>
    <property name="file.encoding" value="GBK"/>
    <property name="user.name" value="admin"/>
    <property name="java.class.path" value="D:/apache-maven-3.3.9/boot/plexus-classworlds-2.5.2.jar"/>
    <property name="java.vm.specification.version" value="1.8"/>
    <property name="sun.arch.data.model" value="64"/>
    <property name="java.home" value="D:\java64\jdk8\jdk1.8.0_121\jre"/>
    <property name="sun.java.command" value="org.codehaus.plexus.classworlds.launcher.Launcher clean install"/>
    <property name="java.specification.vendor" value="Oracle Corporation"/>
    <property name="user.language" value="zh"/>
    <property name="awt.toolkit" value="sun.awt.windows.WToolkit"/>
    <property name="java.vm.info" value="mixed mode"/>
    <property name="java.version" value="1.8.0_121"/>
    <property name="java.ext.dirs" value="D:\java64\jdk8\jdk1.8.0_121\jre\lib\ext;C:\WINDOWS\Sun\Java\lib\ext"/>
    <property name="sun.boot.class.path" value="D:\java64\jdk8\jdk1.8.0_121\jre\lib\resources.jar;D:\java64\jdk8\jdk1.8.0_121\jre\lib\rt.jar;D:\java64\jdk8\jdk1.8.0_121\jre\lib\sunrsasign.jar;D:\java64\jdk8\jdk1.8.0_121\jre\lib\jsse.jar;D:\java64\jdk8\jdk1.8.0_121\jre\lib\jce.jar;D:\java64\jdk8\jdk1.8.0_121\jre\lib\charsets.jar;D:\java64\jdk8\jdk1.8.0_121\jre\lib\jfr.jar;D:\java64\jdk8\jdk1.8.0_121\jre\classes"/>
    <property name="java.vendor" value="Oracle Corporation"/>
    <property name="maven.home" value="D:\apache-maven-3.3.9"/>
    <property name="file.separator" value="\"/>
    <property name="java.vendor.url.bug" value="http://bugreport.sun.com/bugreport/"/>
    <property name="sun.cpu.endian" value="little"/>
    <property name="sun.io.unicode.encoding" value="UnicodeLittle"/>
    <property name="sun.desktop" value="windows"/>
    <property name="sun.cpu.isalist" value="amd64"/>
  </properties>
  <testcase classname="com.pascloud.core.AppTest" name="testApp" time="0.006"/>
</testsuite>